[10/Aug/2021 18:47:46 Europe/Stockholm] [Info] ############################################################
[10/Aug/2021 18:47:46 Europe/Stockholm] [Info] # Output Factory initiated (html5)
[10/Aug/2021 18:47:46 Europe/Stockholm] [Info] # Building output for: Documentation Hub
[10/Aug/2021 18:47:46 Europe/Stockholm] [Info] # URL /document/edit/7255
[10/Aug/2021 18:47:46 Europe/Stockholm] [Info] # User: John Paz
[10/Aug/2021 18:47:46 Europe/Stockholm] [Info] # Time: Tue, 10 Aug 2021 18:47:46 +0200
[10/Aug/2021 18:47:46 Europe/Stockholm] [Info] # Server: augsburg
[10/Aug/2021 18:47:46 Europe/Stockholm] [Info] ############################################################
[10/Aug/2021 18:47:46 Europe/Stockholm] [Info] Group: custom
[10/Aug/2021 18:47:46 Europe/Stockholm] [Info] Type: html5
[10/Aug/2021 18:47:46 Europe/Stockholm] [Info] Transformation: /var/www/ccms/usr/menlosecurity/xsl/custom/layout-7260.xsl
[10/Aug/2021 18:47:46 Europe/Stockholm] [Info] File found: /var/www/ccms/usr/menlosecurity/xsl/custom/layout-7260.xsl
[10/Aug/2021 18:47:46 Europe/Stockholm] [Info] ############################################################
[10/Aug/2021 18:47:46 Europe/Stockholm] [Info] Building output for: html5
[10/Aug/2021 18:47:46 Europe/Stockholm] [Info] Using stylesheet: /var/www/ccms/usr/menlosecurity/xsl/custom/layout-7260.xsl
[10/Aug/2021 18:47:46 Europe/Stockholm] [Info] Parameters for this build: (array) []
[10/Aug/2021 18:47:46 Europe/Stockholm] [Info] Environment variables for this build: (array) {"reused.publication.as.topic":"1"}
[10/Aug/2021 18:47:46 Europe/Stockholm] [Info] Building output for languages: (array) ["en"]
[10/Aug/2021 18:47:46 Europe/Stockholm] [Info] Building multilang: no
[10/Aug/2021 18:47:46 Europe/Stockholm] [Info] Building preview: no
[10/Aug/2021 18:47:46 Europe/Stockholm] [Info] ############################################################
[10/Aug/2021 18:47:46 Europe/Stockholm] [Info] Using build directory: /paligo/tmp/menlosecurity/production-6112adb13a4499.12637701/7255-Documentation_Hub-html5
[10/Aug/2021 18:47:47 Europe/Stockholm] [Info] -- Generating source files
[10/Aug/2021 18:47:47 Europe/Stockholm] [Info] -- Propagating taxonomies: false
[10/Aug/2021 18:47:47 Europe/Stockholm] [Info] -- Source files have been generated
[10/Aug/2021 18:47:47 Europe/Stockholm] [Info] -- Publication has no unresolved dependencies.
[10/Aug/2021 18:47:47 Europe/Stockholm] [Info] -- Generating source files complete.
[10/Aug/2021 18:47:48 Europe/Stockholm] [Info] Localizing: publication-7255.xml
[10/Aug/2021 18:47:48 Europe/Stockholm] [Info] Language: en
[10/Aug/2021 18:47:49 Europe/Stockholm] [Info] Variable sets found: 0
[10/Aug/2021 18:47:50 Europe/Stockholm] [Info] Inserting image links.
[10/Aug/2021 18:47:50 Europe/Stockholm] [Info] Found 0 image(s).
[10/Aug/2021 18:47:51 Europe/Stockholm] [Info] Profiling parameters: (array) []
[10/Aug/2021 18:47:51 Europe/Stockholm] [Info] Profiling customisation: /var/www/ccms/usr/menlosecurity/xsl/profile.xsl (not found)
[10/Aug/2021 18:47:51 Europe/Stockholm] [Info] Transformation: publication-7255--en.org.xml -> publication-7255--en.xml [profile.xsl]
[10/Aug/2021 18:47:51 Europe/Stockholm] [Info] Transformation: publication-7255--en.xml -> publication-7255--en.xml [internal-xref.xsl]
[10/Aug/2021 18:47:51 Europe/Stockholm] [Info] Transformation: A-filelist.xml -> B-sorted.xml [IO.document.sortlang.xsl]
[10/Aug/2021 18:47:51 Europe/Stockholm] [Info] Transformation: B-sorted.xml -> C-concatenated.xml [IO.document.concat.xsl]
[10/Aug/2021 18:47:51 Europe/Stockholm] [Info] Transformation: B-sorted.xml -> index-en.xml [IO.document.head.xsl]
[10/Aug/2021 18:47:51 Europe/Stockholm] [Info] Created copy: /var/www/ccms/usr/menlosecurity/xsl/custom/layout-7260.xsl -> /var/www/ccms/usr/menlosecurity/xsl/custom/6112adb7c4cb7.xsl
[10/Aug/2021 18:47:51 Europe/Stockholm] [Info] Created symlink: /var/www/ccms/application/lib/docbook/xsl/html5/html5-2.page.xsl -> /var/www/ccms/usr/menlosecurity/xsl/custom/6112adb7c4cb7.page.xsl
[10/Aug/2021 18:47:51 Europe/Stockholm] [Info] Created symlink: /var/www/ccms/application/lib/docbook/xsl/html5/html5-2.index.xsl -> /var/www/ccms/usr/menlosecurity/xsl/custom/6112adb7c4cb7.index.xsl
[10/Aug/2021 18:47:51 Europe/Stockholm] [Info] Created symlink: /var/www/ccms/application/lib/docbook/xsl/html5/html5.toc.xsl -> /var/www/ccms/usr/menlosecurity/xsl/custom/6112adb7c4cb7.toc.xsl
[10/Aug/2021 18:47:51 Europe/Stockholm] [Info] Created symlink: /var/www/ccms/application/lib/docbook/xsl/html5/html5.page.xsl -> /var/www/ccms/usr/menlosecurity/xsl/custom/6112adb7c4cb7.page.xsl
[10/Aug/2021 18:47:51 Europe/Stockholm] [Info] Created symlink: /var/www/ccms/application/lib/docbook/xsl/html5/html5.index.xsl -> /var/www/ccms/usr/menlosecurity/xsl/custom/6112adb7c4cb7.index.xsl
[10-Aug-2021 18:47:53 Europe/Stockholm] Parsing manifest file: css/*, css/image/*, css/image/callouts/*, js/*, js/jquery-3/*, fonts/*
[10-Aug-2021 18:47:53 Europe/Stockholm] Filename: css/*
[10-Aug-2021 18:47:53 Europe/Stockholm] Source directory: /var/www/ccms/application/lib/docbook/xsl/html5
[10-Aug-2021 18:47:53 Europe/Stockholm] Target directory: /paligo/tmp/menlosecurity/production-6112adb13a4499.12637701/7255-Documentation_Hub-html5/out
[10-Aug-2021 18:47:53 Europe/Stockholm] Copy file 'bootstrap-3.0.2.min.css'
[10-Aug-2021 18:47:53 Europe/Stockholm] Copy file 'bootstrap-theme-3.0.2.min.css'
[10-Aug-2021 18:47:53 Europe/Stockholm] Copy file 'bootstrap-theme.min.css'
[10-Aug-2021 18:47:53 Europe/Stockholm] Copy file 'bootstrap-theme.min.css.map'
[10-Aug-2021 18:47:53 Europe/Stockholm] Copy file 'bootstrap.min.css'
[10-Aug-2021 18:47:53 Europe/Stockholm] Copy file 'bootstrap.min.css.map'
[10-Aug-2021 18:47:53 Europe/Stockholm] Copy file 'content-theme1.css'
[10-Aug-2021 18:47:53 Europe/Stockholm] Copy file 'content-theme2.css'
[10-Aug-2021 18:47:53 Europe/Stockholm] Copy file 'docbook.css'
[10-Aug-2021 18:47:53 Europe/Stockholm] Copy file 'font-awesome.css'
[10-Aug-2021 18:47:53 Europe/Stockholm] Copy file 'graphical-lists.css'
[10-Aug-2021 18:47:53 Europe/Stockholm] Copy file 'html5.algoliasearch.css'
[10-Aug-2021 18:47:53 Europe/Stockholm] Copy file 'html5.algoliasearchpage.css'
[10-Aug-2021 18:47:53 Europe/Stockholm] Copy file 'mathml.css'
[10-Aug-2021 18:47:53 Europe/Stockholm] Copy file 'roboto.font.css'
[10-Aug-2021 18:47:53 Europe/Stockholm] Copy file 'rwd-table.min.css'
[10-Aug-2021 18:47:53 Europe/Stockholm] Copy file 'sm-core-css.css'
[10-Aug-2021 18:47:53 Europe/Stockholm] Copy file 'sm-simple.css'
[10-Aug-2021 18:47:53 Europe/Stockholm] Copy file 'style-api-responsive.css'
[10-Aug-2021 18:47:53 Europe/Stockholm] Copy file 'style-api.css'
[10-Aug-2021 18:47:53 Europe/Stockholm] Copy file 'style-common.css'
[10-Aug-2021 18:47:53 Europe/Stockholm] Copy file 'style-index-page.css'
[10-Aug-2021 18:47:53 Europe/Stockholm] Copy file 'style-modern-tables.css'
[10-Aug-2021 18:47:53 Europe/Stockholm] Copy file 'style-print.css'
[10-Aug-2021 18:47:53 Europe/Stockholm] Copy file 'style-responsive.css'
[10-Aug-2021 18:47:53 Europe/Stockholm] Copy file 'style-revealjs-slides.css'
[10-Aug-2021 18:47:53 Europe/Stockholm] Copy file 'style-single-page.css'
[10-Aug-2021 18:47:53 Europe/Stockholm] Copy file 'style.css'
[10-Aug-2021 18:47:53 Europe/Stockholm] Copy file 'theme0.css'
[10-Aug-2021 18:47:53 Europe/Stockholm] Copy file 'theme1-colors.css'
[10-Aug-2021 18:47:53 Europe/Stockholm] Copy file 'theme1.css'
[10-Aug-2021 18:47:53 Europe/Stockholm] Copy file 'theme2-colors.css'
[10-Aug-2021 18:47:53 Europe/Stockholm] Copy file 'theme2.css'
[10-Aug-2021 18:47:53 Europe/Stockholm] Copy file 'theme3-colors.css'
[10-Aug-2021 18:47:53 Europe/Stockholm] Copy file 'theme3.css'
[10-Aug-2021 18:47:53 Europe/Stockholm] Copy file 'theme3b-colors.css'
[10-Aug-2021 18:47:53 Europe/Stockholm] Copy file 'theme3b.css'
[10-Aug-2021 18:47:53 Europe/Stockholm] Filename: css/image/*
[10-Aug-2021 18:47:53 Europe/Stockholm] Source directory: /var/www/ccms/application/lib/docbook/xsl/html5
[10-Aug-2021 18:47:53 Europe/Stockholm] Target directory: /paligo/tmp/menlosecurity/production-6112adb13a4499.12637701/7255-Documentation_Hub-html5/out
[10-Aug-2021 18:47:53 Europe/Stockholm] Copy file 'breadcrumb-seperator.png'
[10-Aug-2021 18:47:53 Europe/Stockholm] Copy file 'caution.png'
[10-Aug-2021 18:47:53 Europe/Stockholm] Copy file 'corporate-logo-blue-inverted.svg'
[10-Aug-2021 18:47:53 Europe/Stockholm] Copy file 'corporate-logo-blue.svg'
[10-Aug-2021 18:47:53 Europe/Stockholm] Copy file 'corporate-logo-white.png'
[10-Aug-2021 18:47:53 Europe/Stockholm] Copy file 'corporate-logo-white.svg'
[10-Aug-2021 18:47:53 Europe/Stockholm] Copy file 'corporate-logo.png'
[10-Aug-2021 18:47:53 Europe/Stockholm] Copy file 'corporate-logo.svg'
[10-Aug-2021 18:47:53 Europe/Stockholm] Copy file 'important.png'
[10-Aug-2021 18:47:53 Europe/Stockholm] Copy file 'note.png'
[10-Aug-2021 18:47:53 Europe/Stockholm] Copy file 'portal1-bg.jpg'
[10-Aug-2021 18:47:53 Europe/Stockholm] Copy file 'portal2a-bg.jpg'
[10-Aug-2021 18:47:53 Europe/Stockholm] Copy file 'portal2b-bg.jpg'
[10-Aug-2021 18:47:53 Europe/Stockholm] Copy file 'portal2c-bg.jpg'
[10-Aug-2021 18:47:53 Europe/Stockholm] Copy file 'subheader-bg.png'
[10-Aug-2021 18:47:53 Europe/Stockholm] Copy file 'warning.png'
[10-Aug-2021 18:47:53 Europe/Stockholm] Filename: css/image/callouts/*
[10-Aug-2021 18:47:53 Europe/Stockholm] Source directory: /var/www/ccms/application/lib/docbook/xsl/html5
[10-Aug-2021 18:47:53 Europe/Stockholm] Target directory: /paligo/tmp/menlosecurity/production-6112adb13a4499.12637701/7255-Documentation_Hub-html5/out
[10-Aug-2021 18:47:53 Europe/Stockholm] Copy file '1.gif'
[10-Aug-2021 18:47:53 Europe/Stockholm] Copy file '1.png'
[10-Aug-2021 18:47:53 Europe/Stockholm] Copy file '1.svg'
[10-Aug-2021 18:47:53 Europe/Stockholm] Copy file '10.gif'
[10-Aug-2021 18:47:53 Europe/Stockholm] Copy file '10.png'
[10-Aug-2021 18:47:53 Europe/Stockholm] Copy file '10.svg'
[10-Aug-2021 18:47:53 Europe/Stockholm] Copy file '11.gif'
[10-Aug-2021 18:47:53 Europe/Stockholm] Copy file '11.png'
[10-Aug-2021 18:47:53 Europe/Stockholm] Copy file '11.svg'
[10-Aug-2021 18:47:53 Europe/Stockholm] Copy file '12.gif'
[10-Aug-2021 18:47:53 Europe/Stockholm] Copy file '12.png'
[10-Aug-2021 18:47:53 Europe/Stockholm] Copy file '12.svg'
[10-Aug-2021 18:47:53 Europe/Stockholm] Copy file '13.gif'
[10-Aug-2021 18:47:53 Europe/Stockholm] Copy file '13.png'
[10-Aug-2021 18:47:53 Europe/Stockholm] Copy file '13.svg'
[10-Aug-2021 18:47:53 Europe/Stockholm] Copy file '14.gif'
[10-Aug-2021 18:47:53 Europe/Stockholm] Copy file '14.png'
[10-Aug-2021 18:47:53 Europe/Stockholm] Copy file '14.svg'
[10-Aug-2021 18:47:53 Europe/Stockholm] Copy file '15.gif'
[10-Aug-2021 18:47:53 Europe/Stockholm] Copy file '15.png'
[10-Aug-2021 18:47:53 Europe/Stockholm] Copy file '15.svg'
[10-Aug-2021 18:47:53 Europe/Stockholm] Copy file '16.svg'
[10-Aug-2021 18:47:53 Europe/Stockholm] Copy file '17.svg'
[10-Aug-2021 18:47:53 Europe/Stockholm] Copy file '18.svg'
[10-Aug-2021 18:47:53 Europe/Stockholm] Copy file '19.svg'
[10-Aug-2021 18:47:53 Europe/Stockholm] Copy file '2.gif'
[10-Aug-2021 18:47:53 Europe/Stockholm] Copy file '2.png'
[10-Aug-2021 18:47:53 Europe/Stockholm] Copy file '2.svg'
[10-Aug-2021 18:47:53 Europe/Stockholm] Copy file '20.svg'
[10-Aug-2021 18:47:53 Europe/Stockholm] Copy file '21.svg'
[10-Aug-2021 18:47:53 Europe/Stockholm] Copy file '22.svg'
[10-Aug-2021 18:47:53 Europe/Stockholm] Copy file '23.svg'
[10-Aug-2021 18:47:53 Europe/Stockholm] Copy file '24.svg'
[10-Aug-2021 18:47:53 Europe/Stockholm] Copy file '25.svg'
[10-Aug-2021 18:47:53 Europe/Stockholm] Copy file '26.svg'
[10-Aug-2021 18:47:53 Europe/Stockholm] Copy file '27.svg'
[10-Aug-2021 18:47:53 Europe/Stockholm] Copy file '28.svg'
[10-Aug-2021 18:47:53 Europe/Stockholm] Copy file '29.svg'
[10-Aug-2021 18:47:53 Europe/Stockholm] Copy file '3.gif'
[10-Aug-2021 18:47:53 Europe/Stockholm] Copy file '3.png'
[10-Aug-2021 18:47:53 Europe/Stockholm] Copy file '3.svg'
[10-Aug-2021 18:47:53 Europe/Stockholm] Copy file '30.svg'
[10-Aug-2021 18:47:53 Europe/Stockholm] Copy file '4.gif'
[10-Aug-2021 18:47:53 Europe/Stockholm] Copy file '4.png'
[10-Aug-2021 18:47:53 Europe/Stockholm] Copy file '4.svg'
[10-Aug-2021 18:47:53 Europe/Stockholm] Copy file '5.gif'
[10-Aug-2021 18:47:53 Europe/Stockholm] Copy file '5.png'
[10-Aug-2021 18:47:53 Europe/Stockholm] Copy file '5.svg'
[10-Aug-2021 18:47:53 Europe/Stockholm] Copy file '6.gif'
[10-Aug-2021 18:47:53 Europe/Stockholm] Copy file '6.png'
[10-Aug-2021 18:47:53 Europe/Stockholm] Copy file '6.svg'
[10-Aug-2021 18:47:53 Europe/Stockholm] Copy file '7.gif'
[10-Aug-2021 18:47:53 Europe/Stockholm] Copy file '7.png'
[10-Aug-2021 18:47:53 Europe/Stockholm] Copy file '7.svg'
[10-Aug-2021 18:47:53 Europe/Stockholm] Copy file '8.gif'
[10-Aug-2021 18:47:53 Europe/Stockholm] Copy file '8.png'
[10-Aug-2021 18:47:53 Europe/Stockholm] Copy file '8.svg'
[10-Aug-2021 18:47:53 Europe/Stockholm] Copy file '9.gif'
[10-Aug-2021 18:47:53 Europe/Stockholm] Copy file '9.png'
[10-Aug-2021 18:47:53 Europe/Stockholm] Copy file '9.svg'
[10-Aug-2021 18:47:53 Europe/Stockholm] Filename: js/*
[10-Aug-2021 18:47:53 Europe/Stockholm] Source directory: /var/www/ccms/application/lib/docbook/xsl/html5
[10-Aug-2021 18:47:53 Europe/Stockholm] Target directory: /paligo/tmp/menlosecurity/production-6112adb13a4499.12637701/7255-Documentation_Hub-html5/out
[10-Aug-2021 18:47:53 Europe/Stockholm] Copy file 'ajax-loading.js'
[10-Aug-2021 18:47:53 Europe/Stockholm] Copy file 'anchorlinks.js'
[10-Aug-2021 18:47:53 Europe/Stockholm] Copy file 'bootstrap.min.js'
[10-Aug-2021 18:47:53 Europe/Stockholm] Copy file 'checklist.js'
[10-Aug-2021 18:47:53 Europe/Stockholm] Copy file 'clipboard.min.js'
[10-Aug-2021 18:47:53 Europe/Stockholm] Copy file 'cookie-consent.js'
[10-Aug-2021 18:47:53 Europe/Stockholm] Copy file 'create-toc.js'
[10-Aug-2021 18:47:53 Europe/Stockholm] Copy file 'csh.js'
[10-Aug-2021 18:47:53 Europe/Stockholm] Copy file 'fuse.min.js'
[10-Aug-2021 18:47:53 Europe/Stockholm] Copy file 'hilitor.js'
[10-Aug-2021 18:47:53 Europe/Stockholm] Copy file 'html5-2-ajax-hp.js'
[10-Aug-2021 18:47:53 Europe/Stockholm] Copy file 'html5-2-ajax.js'
[10-Aug-2021 18:47:53 Europe/Stockholm] Copy file 'html5-2-mp-common.js'
[10-Aug-2021 18:47:53 Europe/Stockholm] Copy file 'html5-2-portal.js'
[10-Aug-2021 18:47:53 Europe/Stockholm] Copy file 'html5-2.js'
[10-Aug-2021 18:47:53 Europe/Stockholm] Copy file 'html5.algoliasearch.js'
[10-Aug-2021 18:47:53 Europe/Stockholm] Copy file 'html5.algoliasearchpage.js'
[10-Aug-2021 18:47:53 Europe/Stockholm] Copy file 'html5.fuse.search.js'
[10-Aug-2021 18:47:53 Europe/Stockholm] Copy file 'jquery-1.10.2.min.js'
[10-Aug-2021 18:47:53 Europe/Stockholm] Copy file 'jquery-1.10.2.min.map'
[10-Aug-2021 18:47:53 Europe/Stockholm] Copy file 'jquery-migrate-3.0.1.min.js'
[10-Aug-2021 18:47:53 Europe/Stockholm] Copy file 'jquery-ui-1.10.3.custom.min.js'
[10-Aug-2021 18:47:53 Europe/Stockholm] Copy file 'jquery.event.move.js'
[10-Aug-2021 18:47:53 Europe/Stockholm] Copy file 'jquery.event.swipe.js'
[10-Aug-2021 18:47:53 Europe/Stockholm] Copy file 'jquery.mark.min.js'
[10-Aug-2021 18:47:53 Europe/Stockholm] Copy file 'jquery.paligocode.js'
[10-Aug-2021 18:47:53 Europe/Stockholm] Copy file 'jquery.smartmenus.js'
[10-Aug-2021 18:47:53 Europe/Stockholm] Copy file 'jquery.sticky.js'
[10-Aug-2021 18:47:53 Europe/Stockholm] Copy file 'lunr-single-lang.js'
[10-Aug-2021 18:47:53 Europe/Stockholm] Copy file 'lunr.js'
[10-Aug-2021 18:47:53 Europe/Stockholm] Copy file 'materialize.min.js'
[10-Aug-2021 18:47:53 Europe/Stockholm] Copy file 'mspace.js'
[10-Aug-2021 18:47:53 Europe/Stockholm] Copy file 'purl.js'
[10-Aug-2021 18:47:53 Europe/Stockholm] Copy file 'respond.min.js'
[10-Aug-2021 18:47:53 Europe/Stockholm] Copy file 'responsive-tables.js'
[10-Aug-2021 18:47:53 Europe/Stockholm] Copy file 'rwd-table.min.js'
[10-Aug-2021 18:47:53 Europe/Stockholm] Copy file 'script-api.js'
[10-Aug-2021 18:47:53 Europe/Stockholm] Copy file 'script-revealjs-slides.js'
[10-Aug-2021 18:47:53 Europe/Stockholm] Copy file 'script.js'
[10-Aug-2021 18:47:53 Europe/Stockholm] Copy file 'search.js'
[10-Aug-2021 18:47:53 Europe/Stockholm] Copy file 'updateurl.js'
[10-Aug-2021 18:47:53 Europe/Stockholm] Filename: js/jquery-3/*
[10-Aug-2021 18:47:53 Europe/Stockholm] Source directory: /var/www/ccms/application/lib/docbook/xsl/html5
[10-Aug-2021 18:47:53 Europe/Stockholm] Target directory: /paligo/tmp/menlosecurity/production-6112adb13a4499.12637701/7255-Documentation_Hub-html5/out
[10-Aug-2021 18:47:53 Europe/Stockholm] Copy file 'jquery-3.4.1.min.js'
[10-Aug-2021 18:47:53 Europe/Stockholm] Copy file 'jquery-3.5.1.min.js'
[10-Aug-2021 18:47:53 Europe/Stockholm] Copy file 'jquery-3.6.0.min.js'
[10-Aug-2021 18:47:53 Europe/Stockholm] Filename: fonts/*
[10-Aug-2021 18:47:53 Europe/Stockholm] Source directory: /var/www/ccms/application/lib/docbook/xsl/html5
[10-Aug-2021 18:47:53 Europe/Stockholm] Target directory: /paligo/tmp/menlosecurity/production-6112adb13a4499.12637701/7255-Documentation_Hub-html5/out
[10-Aug-2021 18:47:53 Europe/Stockholm] Copy file 'FontAwesome.otf'
[10-Aug-2021 18:47:53 Europe/Stockholm] Copy file 'fontawesome-webfont.eot'
[10-Aug-2021 18:47:53 Europe/Stockholm] Copy file 'fontawesome-webfont.svg'
[10-Aug-2021 18:47:53 Europe/Stockholm] Copy file 'fontawesome-webfont.ttf'
[10-Aug-2021 18:47:53 Europe/Stockholm] Copy file 'fontawesome-webfont.woff'
[10-Aug-2021 18:47:53 Europe/Stockholm] Copy file 'fontawesome-webfont.woff2'
[10-Aug-2021 18:47:53 Europe/Stockholm] Copy file 'glyphicons-halflings-regular.eot'
[10-Aug-2021 18:47:53 Europe/Stockholm] Copy file 'glyphicons-halflings-regular.svg'
[10-Aug-2021 18:47:53 Europe/Stockholm] Copy file 'glyphicons-halflings-regular.ttf'
[10-Aug-2021 18:47:53 Europe/Stockholm] Copy file 'glyphicons-halflings-regular.woff'
[10-Aug-2021 18:47:53 Europe/Stockholm] Copy file 'glyphicons-halflings-regular.woff2'
[10-Aug-2021 18:47:53 Europe/Stockholm] Copy file 'roboto-v20-vietnamese_latin-ext_latin_greek-ext_greek_cyrillic-ext_cyrillic-300.eot'
[10-Aug-2021 18:47:53 Europe/Stockholm] Copy file 'roboto-v20-vietnamese_latin-ext_latin_greek-ext_greek_cyrillic-ext_cyrillic-300.svg'
[10-Aug-2021 18:47:53 Europe/Stockholm] Copy file 'roboto-v20-vietnamese_latin-ext_latin_greek-ext_greek_cyrillic-ext_cyrillic-300.ttf'
[10-Aug-2021 18:47:53 Europe/Stockholm] Copy file 'roboto-v20-vietnamese_latin-ext_latin_greek-ext_greek_cyrillic-ext_cyrillic-300.woff'
[10-Aug-2021 18:47:53 Europe/Stockholm] Copy file 'roboto-v20-vietnamese_latin-ext_latin_greek-ext_greek_cyrillic-ext_cyrillic-300.woff2'
[10-Aug-2021 18:47:53 Europe/Stockholm] Copy file 'roboto-v20-vietnamese_latin-ext_latin_greek-ext_greek_cyrillic-ext_cyrillic-700.eot'
[10-Aug-2021 18:47:53 Europe/Stockholm] Copy file 'roboto-v20-vietnamese_latin-ext_latin_greek-ext_greek_cyrillic-ext_cyrillic-700.svg'
[10-Aug-2021 18:47:53 Europe/Stockholm] Copy file 'roboto-v20-vietnamese_latin-ext_latin_greek-ext_greek_cyrillic-ext_cyrillic-700.ttf'
[10-Aug-2021 18:47:53 Europe/Stockholm] Copy file 'roboto-v20-vietnamese_latin-ext_latin_greek-ext_greek_cyrillic-ext_cyrillic-700.woff'
[10-Aug-2021 18:47:53 Europe/Stockholm] Copy file 'roboto-v20-vietnamese_latin-ext_latin_greek-ext_greek_cyrillic-ext_cyrillic-700.woff2'
[10-Aug-2021 18:47:53 Europe/Stockholm] Copy file 'roboto-v20-vietnamese_latin-ext_latin_greek-ext_greek_cyrillic-ext_cyrillic-regular.eot'
[10-Aug-2021 18:47:53 Europe/Stockholm] Copy file 'roboto-v20-vietnamese_latin-ext_latin_greek-ext_greek_cyrillic-ext_cyrillic-regular.svg'
[10-Aug-2021 18:47:53 Europe/Stockholm] Copy file 'roboto-v20-vietnamese_latin-ext_latin_greek-ext_greek_cyrillic-ext_cyrillic-regular.ttf'
[10-Aug-2021 18:47:53 Europe/Stockholm] Copy file 'roboto-v20-vietnamese_latin-ext_latin_greek-ext_greek_cyrillic-ext_cyrillic-regular.woff'
[10-Aug-2021 18:47:53 Europe/Stockholm] Copy file 'roboto-v20-vietnamese_latin-ext_latin_greek-ext_greek_cyrillic-ext_cyrillic-regular.woff2'
[10-Aug-2021 18:47:53 Europe/Stockholm] Parsing manifest file: css/*, css/image/*, css/image/callouts/*, js/*, fonts/*
[10-Aug-2021 18:47:53 Europe/Stockholm] Filename: css/*
[10-Aug-2021 18:47:53 Europe/Stockholm] Source directory: /var/www/ccms/application/lib/docbook/xsl/html5
[10-Aug-2021 18:47:53 Europe/Stockholm] Target directory: /paligo/tmp/menlosecurity/production-6112adb13a4499.12637701/7255-Documentation_Hub-html5/out
[10-Aug-2021 18:47:53 Europe/Stockholm] Copy file 'bootstrap-3.0.2.min.css'
[10-Aug-2021 18:47:53 Europe/Stockholm] Copy file 'bootstrap-theme-3.0.2.min.css'
[10-Aug-2021 18:47:53 Europe/Stockholm] Copy file 'bootstrap-theme.min.css'
[10-Aug-2021 18:47:53 Europe/Stockholm] Copy file 'bootstrap-theme.min.css.map'
[10-Aug-2021 18:47:53 Europe/Stockholm] Copy file 'bootstrap.min.css'
[10-Aug-2021 18:47:53 Europe/Stockholm] Copy file 'bootstrap.min.css.map'
[10-Aug-2021 18:47:53 Europe/Stockholm] Copy file 'content-theme1.css'
[10-Aug-2021 18:47:53 Europe/Stockholm] Copy file 'content-theme2.css'
[10-Aug-2021 18:47:53 Europe/Stockholm] Copy file 'docbook.css'
[10-Aug-2021 18:47:53 Europe/Stockholm] Copy file 'font-awesome.css'
[10-Aug-2021 18:47:53 Europe/Stockholm] Copy file 'graphical-lists.css'
[10-Aug-2021 18:47:53 Europe/Stockholm] Copy file 'html5.algoliasearch.css'
[10-Aug-2021 18:47:53 Europe/Stockholm] Copy file 'html5.algoliasearchpage.css'
[10-Aug-2021 18:47:53 Europe/Stockholm] Copy file 'mathml.css'
[10-Aug-2021 18:47:53 Europe/Stockholm] Copy file 'roboto.font.css'
[10-Aug-2021 18:47:53 Europe/Stockholm] Copy file 'rwd-table.min.css'
[10-Aug-2021 18:47:53 Europe/Stockholm] Copy file 'sm-core-css.css'
[10-Aug-2021 18:47:53 Europe/Stockholm] Copy file 'sm-simple.css'
[10-Aug-2021 18:47:53 Europe/Stockholm] Copy file 'style-api-responsive.css'
[10-Aug-2021 18:47:53 Europe/Stockholm] Copy file 'style-api.css'
[10-Aug-2021 18:47:53 Europe/Stockholm] Copy file 'style-common.css'
[10-Aug-2021 18:47:53 Europe/Stockholm] Copy file 'style-index-page.css'
[10-Aug-2021 18:47:53 Europe/Stockholm] Copy file 'style-modern-tables.css'
[10-Aug-2021 18:47:53 Europe/Stockholm] Copy file 'style-print.css'
[10-Aug-2021 18:47:53 Europe/Stockholm] Copy file 'style-responsive.css'
[10-Aug-2021 18:47:53 Europe/Stockholm] Copy file 'style-revealjs-slides.css'
[10-Aug-2021 18:47:53 Europe/Stockholm] Copy file 'style-single-page.css'
[10-Aug-2021 18:47:53 Europe/Stockholm] Copy file 'style.css'
[10-Aug-2021 18:47:53 Europe/Stockholm] Copy file 'theme0.css'
[10-Aug-2021 18:47:53 Europe/Stockholm] Copy file 'theme1-colors.css'
[10-Aug-2021 18:47:53 Europe/Stockholm] Copy file 'theme1.css'
[10-Aug-2021 18:47:53 Europe/Stockholm] Copy file 'theme2-colors.css'
[10-Aug-2021 18:47:53 Europe/Stockholm] Copy file 'theme2.css'
[10-Aug-2021 18:47:53 Europe/Stockholm] Copy file 'theme3-colors.css'
[10-Aug-2021 18:47:53 Europe/Stockholm] Copy file 'theme3.css'
[10-Aug-2021 18:47:53 Europe/Stockholm] Copy file 'theme3b-colors.css'
[10-Aug-2021 18:47:53 Europe/Stockholm] Copy file 'theme3b.css'
[10-Aug-2021 18:47:53 Europe/Stockholm] Filename: css/image/*
[10-Aug-2021 18:47:53 Europe/Stockholm] Source directory: /var/www/ccms/application/lib/docbook/xsl/html5
[10-Aug-2021 18:47:53 Europe/Stockholm] Target directory: /paligo/tmp/menlosecurity/production-6112adb13a4499.12637701/7255-Documentation_Hub-html5/out
[10-Aug-2021 18:47:53 Europe/Stockholm] Copy file 'breadcrumb-seperator.png'
[10-Aug-2021 18:47:53 Europe/Stockholm] Copy file 'caution.png'
[10-Aug-2021 18:47:53 Europe/Stockholm] Copy file 'corporate-logo-blue-inverted.svg'
[10-Aug-2021 18:47:53 Europe/Stockholm] Copy file 'corporate-logo-blue.svg'
[10-Aug-2021 18:47:53 Europe/Stockholm] Copy file 'corporate-logo-white.png'
[10-Aug-2021 18:47:53 Europe/Stockholm] Copy file 'corporate-logo-white.svg'
[10-Aug-2021 18:47:53 Europe/Stockholm] Copy file 'corporate-logo.png'
[10-Aug-2021 18:47:53 Europe/Stockholm] Copy file 'corporate-logo.svg'
[10-Aug-2021 18:47:53 Europe/Stockholm] Copy file 'important.png'
[10-Aug-2021 18:47:53 Europe/Stockholm] Copy file 'note.png'
[10-Aug-2021 18:47:53 Europe/Stockholm] Copy file 'portal1-bg.jpg'
[10-Aug-2021 18:47:53 Europe/Stockholm] Copy file 'portal2a-bg.jpg'
[10-Aug-2021 18:47:53 Europe/Stockholm] Copy file 'portal2b-bg.jpg'
[10-Aug-2021 18:47:53 Europe/Stockholm] Copy file 'portal2c-bg.jpg'
[10-Aug-2021 18:47:53 Europe/Stockholm] Copy file 'subheader-bg.png'
[10-Aug-2021 18:47:53 Europe/Stockholm] Copy file 'warning.png'
[10-Aug-2021 18:47:53 Europe/Stockholm] Filename: css/image/callouts/*
[10-Aug-2021 18:47:53 Europe/Stockholm] Source directory: /var/www/ccms/application/lib/docbook/xsl/html5
[10-Aug-2021 18:47:53 Europe/Stockholm] Target directory: /paligo/tmp/menlosecurity/production-6112adb13a4499.12637701/7255-Documentation_Hub-html5/out
[10-Aug-2021 18:47:53 Europe/Stockholm] Copy file '1.gif'
[10-Aug-2021 18:47:53 Europe/Stockholm] Copy file '1.png'
[10-Aug-2021 18:47:53 Europe/Stockholm] Copy file '1.svg'
[10-Aug-2021 18:47:53 Europe/Stockholm] Copy file '10.gif'
[10-Aug-2021 18:47:53 Europe/Stockholm] Copy file '10.png'
[10-Aug-2021 18:47:53 Europe/Stockholm] Copy file '10.svg'
[10-Aug-2021 18:47:53 Europe/Stockholm] Copy file '11.gif'
[10-Aug-2021 18:47:53 Europe/Stockholm] Copy file '11.png'
[10-Aug-2021 18:47:53 Europe/Stockholm] Copy file '11.svg'
[10-Aug-2021 18:47:53 Europe/Stockholm] Copy file '12.gif'
[10-Aug-2021 18:47:53 Europe/Stockholm] Copy file '12.png'
[10-Aug-2021 18:47:53 Europe/Stockholm] Copy file '12.svg'
[10-Aug-2021 18:47:53 Europe/Stockholm] Copy file '13.gif'
[10-Aug-2021 18:47:53 Europe/Stockholm] Copy file '13.png'
[10-Aug-2021 18:47:53 Europe/Stockholm] Copy file '13.svg'
[10-Aug-2021 18:47:53 Europe/Stockholm] Copy file '14.gif'
[10-Aug-2021 18:47:53 Europe/Stockholm] Copy file '14.png'
[10-Aug-2021 18:47:53 Europe/Stockholm] Copy file '14.svg'
[10-Aug-2021 18:47:53 Europe/Stockholm] Copy file '15.gif'
[10-Aug-2021 18:47:53 Europe/Stockholm] Copy file '15.png'
[10-Aug-2021 18:47:53 Europe/Stockholm] Copy file '15.svg'
[10-Aug-2021 18:47:53 Europe/Stockholm] Copy file '16.svg'
[10-Aug-2021 18:47:53 Europe/Stockholm] Copy file '17.svg'
[10-Aug-2021 18:47:53 Europe/Stockholm] Copy file '18.svg'
[10-Aug-2021 18:47:53 Europe/Stockholm] Copy file '19.svg'
[10-Aug-2021 18:47:53 Europe/Stockholm] Copy file '2.gif'
[10-Aug-2021 18:47:53 Europe/Stockholm] Copy file '2.png'
[10-Aug-2021 18:47:53 Europe/Stockholm] Copy file '2.svg'
[10-Aug-2021 18:47:53 Europe/Stockholm] Copy file '20.svg'
[10-Aug-2021 18:47:53 Europe/Stockholm] Copy file '21.svg'
[10-Aug-2021 18:47:53 Europe/Stockholm] Copy file '22.svg'
[10-Aug-2021 18:47:53 Europe/Stockholm] Copy file '23.svg'
[10-Aug-2021 18:47:53 Europe/Stockholm] Copy file '24.svg'
[10-Aug-2021 18:47:53 Europe/Stockholm] Copy file '25.svg'
[10-Aug-2021 18:47:53 Europe/Stockholm] Copy file '26.svg'
[10-Aug-2021 18:47:53 Europe/Stockholm] Copy file '27.svg'
[10-Aug-2021 18:47:53 Europe/Stockholm] Copy file '28.svg'
[10-Aug-2021 18:47:53 Europe/Stockholm] Copy file '29.svg'
[10-Aug-2021 18:47:53 Europe/Stockholm] Copy file '3.gif'
[10-Aug-2021 18:47:53 Europe/Stockholm] Copy file '3.png'
[10-Aug-2021 18:47:53 Europe/Stockholm] Copy file '3.svg'
[10-Aug-2021 18:47:53 Europe/Stockholm] Copy file '30.svg'
[10-Aug-2021 18:47:53 Europe/Stockholm] Copy file '4.gif'
[10-Aug-2021 18:47:53 Europe/Stockholm] Copy file '4.png'
[10-Aug-2021 18:47:53 Europe/Stockholm] Copy file '4.svg'
[10-Aug-2021 18:47:53 Europe/Stockholm] Copy file '5.gif'
[10-Aug-2021 18:47:53 Europe/Stockholm] Copy file '5.png'
[10-Aug-2021 18:47:53 Europe/Stockholm] Copy file '5.svg'
[10-Aug-2021 18:47:53 Europe/Stockholm] Copy file '6.gif'
[10-Aug-2021 18:47:53 Europe/Stockholm] Copy file '6.png'
[10-Aug-2021 18:47:53 Europe/Stockholm] Copy file '6.svg'
[10-Aug-2021 18:47:53 Europe/Stockholm] Copy file '7.gif'
[10-Aug-2021 18:47:53 Europe/Stockholm] Copy file '7.png'
[10-Aug-2021 18:47:53 Europe/Stockholm] Copy file '7.svg'
[10-Aug-2021 18:47:53 Europe/Stockholm] Copy file '8.gif'
[10-Aug-2021 18:47:53 Europe/Stockholm] Copy file '8.png'
[10-Aug-2021 18:47:53 Europe/Stockholm] Copy file '8.svg'
[10-Aug-2021 18:47:53 Europe/Stockholm] Copy file '9.gif'
[10-Aug-2021 18:47:53 Europe/Stockholm] Copy file '9.png'
[10-Aug-2021 18:47:53 Europe/Stockholm] Copy file '9.svg'
[10-Aug-2021 18:47:53 Europe/Stockholm] Filename: js/*
[10-Aug-2021 18:47:53 Europe/Stockholm] Source directory: /var/www/ccms/application/lib/docbook/xsl/html5
[10-Aug-2021 18:47:53 Europe/Stockholm] Target directory: /paligo/tmp/menlosecurity/production-6112adb13a4499.12637701/7255-Documentation_Hub-html5/out
[10-Aug-2021 18:47:53 Europe/Stockholm] Copy file 'ajax-loading.js'
[10-Aug-2021 18:47:53 Europe/Stockholm] Copy file 'anchorlinks.js'
[10-Aug-2021 18:47:53 Europe/Stockholm] Copy file 'bootstrap.min.js'
[10-Aug-2021 18:47:53 Europe/Stockholm] Copy file 'checklist.js'
[10-Aug-2021 18:47:53 Europe/Stockholm] Copy file 'clipboard.min.js'
[10-Aug-2021 18:47:53 Europe/Stockholm] Copy file 'cookie-consent.js'
[10-Aug-2021 18:47:53 Europe/Stockholm] Copy file 'create-toc.js'
[10-Aug-2021 18:47:53 Europe/Stockholm] Copy file 'csh.js'
[10-Aug-2021 18:47:53 Europe/Stockholm] Copy file 'fuse.min.js'
[10-Aug-2021 18:47:53 Europe/Stockholm] Copy file 'hilitor.js'
[10-Aug-2021 18:47:53 Europe/Stockholm] Copy file 'html5-2-ajax-hp.js'
[10-Aug-2021 18:47:53 Europe/Stockholm] Copy file 'html5-2-ajax.js'
[10-Aug-2021 18:47:53 Europe/Stockholm] Copy file 'html5-2-mp-common.js'
[10-Aug-2021 18:47:53 Europe/Stockholm] Copy file 'html5-2-portal.js'
[10-Aug-2021 18:47:53 Europe/Stockholm] Copy file 'html5-2.js'
[10-Aug-2021 18:47:53 Europe/Stockholm] Copy file 'html5.algoliasearch.js'
[10-Aug-2021 18:47:53 Europe/Stockholm] Copy file 'html5.algoliasearchpage.js'
[10-Aug-2021 18:47:53 Europe/Stockholm] Copy file 'html5.fuse.search.js'
[10-Aug-2021 18:47:53 Europe/Stockholm] Copy file 'jquery-1.10.2.min.js'
[10-Aug-2021 18:47:53 Europe/Stockholm] Copy file 'jquery-1.10.2.min.map'
[10-Aug-2021 18:47:53 Europe/Stockholm] Copy file 'jquery-migrate-3.0.1.min.js'
[10-Aug-2021 18:47:53 Europe/Stockholm] Copy file 'jquery-ui-1.10.3.custom.min.js'
[10-Aug-2021 18:47:53 Europe/Stockholm] Copy file 'jquery.event.move.js'
[10-Aug-2021 18:47:53 Europe/Stockholm] Copy file 'jquery.event.swipe.js'
[10-Aug-2021 18:47:53 Europe/Stockholm] Copy file 'jquery.mark.min.js'
[10-Aug-2021 18:47:53 Europe/Stockholm] Copy file 'jquery.paligocode.js'
[10-Aug-2021 18:47:53 Europe/Stockholm] Copy file 'jquery.smartmenus.js'
[10-Aug-2021 18:47:53 Europe/Stockholm] Copy file 'jquery.sticky.js'
[10-Aug-2021 18:47:53 Europe/Stockholm] Copy file 'lunr-single-lang.js'
[10-Aug-2021 18:47:53 Europe/Stockholm] Copy file 'lunr.js'
[10-Aug-2021 18:47:53 Europe/Stockholm] Copy file 'materialize.min.js'
[10-Aug-2021 18:47:53 Europe/Stockholm] Copy file 'mspace.js'
[10-Aug-2021 18:47:53 Europe/Stockholm] Copy file 'purl.js'
[10-Aug-2021 18:47:53 Europe/Stockholm] Copy file 'respond.min.js'
[10-Aug-2021 18:47:53 Europe/Stockholm] Copy file 'responsive-tables.js'
[10-Aug-2021 18:47:53 Europe/Stockholm] Copy file 'rwd-table.min.js'
[10-Aug-2021 18:47:53 Europe/Stockholm] Copy file 'script-api.js'
[10-Aug-2021 18:47:53 Europe/Stockholm] Copy file 'script-revealjs-slides.js'
[10-Aug-2021 18:47:53 Europe/Stockholm] Copy file 'script.js'
[10-Aug-2021 18:47:53 Europe/Stockholm] Copy file 'search.js'
[10-Aug-2021 18:47:53 Europe/Stockholm] Copy file 'updateurl.js'
[10-Aug-2021 18:47:53 Europe/Stockholm] Filename: fonts/*
[10-Aug-2021 18:47:53 Europe/Stockholm] Source directory: /var/www/ccms/application/lib/docbook/xsl/html5
[10-Aug-2021 18:47:53 Europe/Stockholm] Target directory: /paligo/tmp/menlosecurity/production-6112adb13a4499.12637701/7255-Documentation_Hub-html5/out
[10-Aug-2021 18:47:53 Europe/Stockholm] Copy file 'FontAwesome.otf'
[10-Aug-2021 18:47:53 Europe/Stockholm] Copy file 'fontawesome-webfont.eot'
[10-Aug-2021 18:47:53 Europe/Stockholm] Copy file 'fontawesome-webfont.svg'
[10-Aug-2021 18:47:53 Europe/Stockholm] Copy file 'fontawesome-webfont.ttf'
[10-Aug-2021 18:47:53 Europe/Stockholm] Copy file 'fontawesome-webfont.woff'
[10-Aug-2021 18:47:53 Europe/Stockholm] Copy file 'fontawesome-webfont.woff2'
[10-Aug-2021 18:47:53 Europe/Stockholm] Copy file 'glyphicons-halflings-regular.eot'
[10-Aug-2021 18:47:53 Europe/Stockholm] Copy file 'glyphicons-halflings-regular.svg'
[10-Aug-2021 18:47:53 Europe/Stockholm] Copy file 'glyphicons-halflings-regular.ttf'
[10-Aug-2021 18:47:53 Europe/Stockholm] Copy file 'glyphicons-halflings-regular.woff'
[10-Aug-2021 18:47:53 Europe/Stockholm] Copy file 'glyphicons-halflings-regular.woff2'
[10-Aug-2021 18:47:53 Europe/Stockholm] Copy file 'roboto-v20-vietnamese_latin-ext_latin_greek-ext_greek_cyrillic-ext_cyrillic-300.eot'
[10-Aug-2021 18:47:53 Europe/Stockholm] Copy file 'roboto-v20-vietnamese_latin-ext_latin_greek-ext_greek_cyrillic-ext_cyrillic-300.svg'
[10-Aug-2021 18:47:53 Europe/Stockholm] Copy file 'roboto-v20-vietnamese_latin-ext_latin_greek-ext_greek_cyrillic-ext_cyrillic-300.ttf'
[10-Aug-2021 18:47:53 Europe/Stockholm] Copy file 'roboto-v20-vietnamese_latin-ext_latin_greek-ext_greek_cyrillic-ext_cyrillic-300.woff'
[10-Aug-2021 18:47:53 Europe/Stockholm] Copy file 'roboto-v20-vietnamese_latin-ext_latin_greek-ext_greek_cyrillic-ext_cyrillic-300.woff2'
[10-Aug-2021 18:47:53 Europe/Stockholm] Copy file 'roboto-v20-vietnamese_latin-ext_latin_greek-ext_greek_cyrillic-ext_cyrillic-700.eot'
[10-Aug-2021 18:47:53 Europe/Stockholm] Copy file 'roboto-v20-vietnamese_latin-ext_latin_greek-ext_greek_cyrillic-ext_cyrillic-700.svg'
[10-Aug-2021 18:47:53 Europe/Stockholm] Copy file 'roboto-v20-vietnamese_latin-ext_latin_greek-ext_greek_cyrillic-ext_cyrillic-700.ttf'
[10-Aug-2021 18:47:53 Europe/Stockholm] Copy file 'roboto-v20-vietnamese_latin-ext_latin_greek-ext_greek_cyrillic-ext_cyrillic-700.woff'
[10-Aug-2021 18:47:53 Europe/Stockholm] Copy file 'roboto-v20-vietnamese_latin-ext_latin_greek-ext_greek_cyrillic-ext_cyrillic-700.woff2'
[10-Aug-2021 18:47:53 Europe/Stockholm] Copy file 'roboto-v20-vietnamese_latin-ext_latin_greek-ext_greek_cyrillic-ext_cyrillic-regular.eot'
[10-Aug-2021 18:47:53 Europe/Stockholm] Copy file 'roboto-v20-vietnamese_latin-ext_latin_greek-ext_greek_cyrillic-ext_cyrillic-regular.svg'
[10-Aug-2021 18:47:53 Europe/Stockholm] Copy file 'roboto-v20-vietnamese_latin-ext_latin_greek-ext_greek_cyrillic-ext_cyrillic-regular.ttf'
[10-Aug-2021 18:47:53 Europe/Stockholm] Copy file 'roboto-v20-vietnamese_latin-ext_latin_greek-ext_greek_cyrillic-ext_cyrillic-regular.woff'
[10-Aug-2021 18:47:53 Europe/Stockholm] Copy file 'roboto-v20-vietnamese_latin-ext_latin_greek-ext_greek_cyrillic-ext_cyrillic-regular.woff2'
[10-Aug-2021 18:47:53 Europe/Stockholm] Copy file '/var/www/ccms/usr/menlosecurity/xsl/custom/assets/layout-7260/610c39ddf19b3.svg' to '/paligo/tmp/menlosecurity/production-6112adb13a4499.12637701/7255-Documentation_Hub-html5/out/css/image/corporate-logo.svg'
[10-Aug-2021 18:47:53 Europe/Stockholm] Copy file '/var/www/ccms/application/lib/docbook/xsl/html5/css/image/corporate-logo-white.svg' to '/paligo/tmp/menlosecurity/production-6112adb13a4499.12637701/7255-Documentation_Hub-html5/out/css/image/portal-logo.svg'
[10-Aug-2021 18:47:53 Europe/Stockholm] Copy file '/var/www/ccms/usr/menlosecurity/xsl/custom/assets/layout-7260/610c48a52f281.js' to '/paligo/tmp/menlosecurity/production-6112adb13a4499.12637701/7255-Documentation_Hub-html5/out/js/layout-custom-script.js'
[10-Aug-2021 18:47:53 Europe/Stockholm] Post build HTML5
[10/Aug/2021 18:47:54 Europe/Stockholm] [Info] Transformation: index-en.html -> toc-en.html [6112adb7c4cb7.toc.xsl]
[10/Aug/2021 18:47:54 Europe/Stockholm] [Info] Transformation: 328-secure-web-gateway.html -> 328-secure-web-gateway.html [6112adb7c4cb7.page.xsl]
[10/Aug/2021 18:47:54 Europe/Stockholm] [Info] Transformation: 325-remote-browser-isolation.html -> 325-remote-browser-isolation.html [6112adb7c4cb7.page.xsl]
[10/Aug/2021 18:47:54 Europe/Stockholm] [Info] Transformation: 329-email-isolation.html -> 329-email-isolation.html [6112adb7c4cb7.page.xsl]
[10/Aug/2021 18:47:54 Europe/Stockholm] [Info] Transformation: 7262-about-inline-casb.html -> 7262-about-inline-casb.html [6112adb7c4cb7.page.xsl]
[10/Aug/2021 18:47:54 Europe/Stockholm] [Info] Transformation: 7265-casb-application-categories.html -> 7265-casb-application-categories.html [6112adb7c4cb7.page.xsl]
[10/Aug/2021 18:47:54 Europe/Stockholm] [Info] Transformation: 7295-how-casb-works.html -> 7295-how-casb-works.html [6112adb7c4cb7.page.xsl]
[10/Aug/2021 18:47:54 Europe/Stockholm] [Info] Transformation: 7297-how-to-enable-casb-for-your-account.html -> 7297-how-to-enable-casb-for-your-account.html [6112adb7c4cb7.page.xsl]
[10/Aug/2021 18:47:54 Europe/Stockholm] [Info] Transformation: 7299-inline-casb-policy-reinforcement.html -> 7299-inline-casb-policy-reinforcement.html [6112adb7c4cb7.page.xsl]
[10/Aug/2021 18:47:54 Europe/Stockholm] [Info] Transformation: 7301-get-started-with-inline-casb.html -> 7301-get-started-with-inline-casb.html [6112adb7c4cb7.page.xsl]
[10/Aug/2021 18:47:54 Europe/Stockholm] [Info] Transformation: 7256-cloud-access-security-broker--casb-.html -> 7256-cloud-access-security-broker--casb-.html [6112adb7c4cb7.page.xsl]
[10/Aug/2021 18:47:54 Europe/Stockholm] [Info] Transformation: 7258-data-lost-prevention--dlp-.html -> 7258-data-lost-prevention--dlp-.html [6112adb7c4cb7.page.xsl]
[10/Aug/2021 18:47:54 Europe/Stockholm] [Info] Transformation: 7257-zero-trust-private-access--ztpa-.html -> 7257-zero-trust-private-access--ztpa-.html [6112adb7c4cb7.page.xsl]
[10/Aug/2021 18:47:54 Europe/Stockholm] [Info] Transformation: 7259-cloud-firewall.html -> 7259-cloud-firewall.html [6112adb7c4cb7.page.xsl]
[10/Aug/2021 18:47:54 Europe/Stockholm] [Info] Transformation: 7304-web-isolation-release-notes.html -> 7304-web-isolation-release-notes.html [6112adb7c4cb7.page.xsl]
[10/Aug/2021 18:47:54 Europe/Stockholm] [Info] Transformation: 7305-email-isolation-release-notes.html -> 7305-email-isolation-release-notes.html [6112adb7c4cb7.page.xsl]
[10/Aug/2021 18:47:54 Europe/Stockholm] [Info] Transformation: 7308-menlo-connect-release-notes.html -> 7308-menlo-connect-release-notes.html [6112adb7c4cb7.page.xsl]
[10/Aug/2021 18:47:54 Europe/Stockholm] [Info] Transformation: 7303-release-notes---all.html -> 7303-release-notes---all.html [6112adb7c4cb7.page.xsl]
[10/Aug/2021 18:47:54 Europe/Stockholm] [Info] Transformation: index-en.html -> index-en.html [6112adb7c4cb7.page.xsl]
[10/Aug/2021 18:47:54 Europe/Stockholm] [Info] Generating index page.
[10/Aug/2021 18:47:54 Europe/Stockholm] [Info] Transformation: index.manifest -> index.html [6112adb7c4cb7.index.xsl]
[10/Aug/2021 18:47:55 Europe/Stockholm] [Info] # Took 8.603418 seconds to render.
